[VGP PULSE] FS_WATCH ACTIVE ON /home/abd/Import/GitHub/Gaza-resiliency-field/Palestine-resilience-field
[2026-05-02T06:37:22.450Z] VGP AUDIT STARTING FOR War Lego AI Merch Shop...
VGP SENTINEL v1.3.0 STANDING BY ON PORT 3000 FOR War Lego AI Merch Shop
[VGP PULSE] FS_EVENT: CHANGE detected on recovery_prompt.txt
[2026-05-02T06:47:22.554Z] VGP AUDIT STARTING FOR War Lego AI Merch Shop...
[VGP PULSE] FS_EVENT: CHANGE detected on recovery_prompt.txt
[2026-05-02T06:57:22.653Z] VGP AUDIT STARTING FOR War Lego AI Merch Shop...
[VGP PULSE] FS_EVENT: CHANGE detected on recovery_prompt.txt
[2026-05-02T07:07:22.696Z] VGP AUDIT STARTING FOR War Lego AI Merch Shop...
[VGP PULSE] FS_EVENT: CHANGE detected on recovery_prompt.txt
[2026-05-02T07:17:22.796Z] VGP AUDIT STARTING FOR War Lego AI Merch Shop...
[VGP PULSE] FS_EVENT: CHANGE detected on recovery_prompt.txt
[VGP PULSE] FS_EVENT: CHANGE detected on index.css
[VGP PULSE] FS_EVENT: CHANGE detected on index.css
[VGP PULSE] GOVERNANCE_ACTION: Triggering Cloudflare Purge for index.css...
[VGP PULSE] ACTION_SUCCESS: Cloudflare Purge Complete.
[2026-05-02T07:27:22.816Z] VGP AUDIT STARTING FOR War Lego AI Merch Shop...
[VGP PULSE] FS_EVENT: CHANGE detected on recovery_prompt.txt
[VGP PULSE] FS_EVENT: CHANGE detected on index.html
[VGP PULSE] FS_EVENT: CHANGE detected on index.html
[VGP PULSE] GOVERNANCE_ACTION: Triggering Cloudflare Purge for index.html...
[VGP PULSE] ACTION_SUCCESS: Cloudflare Purge Complete.
[2026-05-02T07:37:22.830Z] VGP AUDIT STARTING FOR War Lego AI Merch Shop...
[VGP PULSE] FS_EVENT: CHANGE detected on recovery_prompt.txt
[2026-05-02T07:47:22.930Z] VGP AUDIT STARTING FOR War Lego AI Merch Shop...
[VGP PULSE] FS_EVENT: CHANGE detected on recovery_prompt.txt
[VGP PULSE] FS_EVENT: CHANGE detected on app.js
[VGP PULSE] FS_EVENT: CHANGE detected on app.js
[VGP PULSE] GOVERNANCE_ACTION: Triggering Cloudflare Purge for app.js...
[VGP PULSE] ACTION_SUCCESS: Cloudflare Purge Complete.
[VGP PULSE] FS_EVENT: CHANGE detected on index.html
[VGP PULSE] FS_EVENT: CHANGE detected on index.html
[VGP PULSE] GOVERNANCE_ACTION: Triggering Cloudflare Purge for index.html...
[VGP PULSE] ACTION_SUCCESS: Cloudflare Purge Complete.
[VGP PULSE] FS_EVENT: CHANGE detected on index.html
[VGP PULSE] FS_EVENT: CHANGE detected on index.html
[VGP PULSE] GOVERNANCE_ACTION: Triggering Cloudflare Purge for index.html...
[VGP PULSE] ACTION_SUCCESS: Cloudflare Purge Complete.
[VGP PULSE] FS_EVENT: CHANGE detected on recovery_prompt.txt
[VGP PULSE] FS_EVENT: CHANGE detected on recovery_prompt.txt
[2026-05-02T07:57:22.946Z] VGP AUDIT STARTING FOR War Lego AI Merch Shop...
[VGP PULSE] FS_EVENT: CHANGE detected on recovery_prompt.txt
[VGP PULSE] FS_EVENT: CHANGE detected on app.js
[VGP PULSE] FS_EVENT: CHANGE detected on app.js
[VGP PULSE] GOVERNANCE_ACTION: Triggering Cloudflare Purge for app.js...
[VGP PULSE] ACTION_SUCCESS: Cloudflare Purge Complete.
[2026-05-02T08:07:22.954Z] VGP AUDIT STARTING FOR War Lego AI Merch Shop...
[VGP PULSE] FS_EVENT: CHANGE detected on recovery_prompt.txt
[2026-05-02T08:17:22.959Z] VGP AUDIT STARTING FOR War Lego AI Merch Shop...
[VGP PULSE] FS_EVENT: CHANGE detected on recovery_prompt.txt
[VGP PULSE] FS_EVENT: CHANGE detected on app.js
[VGP PULSE] FS_EVENT: CHANGE detected on app.js
[VGP PULSE] GOVERNANCE_ACTION: Triggering Cloudflare Purge for app.js...
[VGP PULSE] ACTION_SUCCESS: Cloudflare Purge Complete.
